# JRE version: OpenJDK Runtime Environment (17.0.7) (build 17.0.7+0-b2043.56-10550314)
# Java VM: OpenJDK 64-Bit Server VM (17.0.7+0-b2043.56-10550314, mixed mode, tiered, compressed oops, compressed class ptrs, g1 gc, windows-amd64)
GC Precious Log:
 CPUs: 8 total, 8 available
 Memory: 3906M
 Large Page Support: Disabled
 NUMA Support: Disabled
 Compressed Oops: Enabled (32-bit)
 Heap Region Size: 1M
 Heap Min Capacity: 8M
 Heap Initial Capacity: 62M
 Heap Max Capacity: 2G
 Pre-touch: Disabled
 Parallel Workers: 8
 Concurrent Workers: 2
 Concurrent Refinement Workers: 8
 Periodic GC: Disabled
Heap:
 garbage-first heap   total 109568K, used 62900K [0x0000000080000000, 0x0000000100000000)
  region size 1024K, 1 young (1024K), 1 survivors (1024K)
 Metaspace       used 67649K, committed 68224K, reserved 1114112K
  class space    used 8999K, committed 9280K, reserved 1048576K
GC Heap History (20 events):
Event: 186.921 GC heap after
{Heap after GC invocations=31 (full 0):
 garbage-first heap   total 98304K, used 47085K [0x0000000080000000, 0x0000000100000000)
  region size 1024K, 2 young (2048K), 2 survivors (2048K)
 Metaspace       used 61284K, committed 61824K, reserved 1114112K
  class space    used 8190K, committed 8448K, reserved 1048576K
}
Event: 189.110 GC heap before
{Heap before GC invocations=32 (full 0):
 garbage-first heap   total 98304K, used 50157K [0x0000000080000000, 0x0000000100000000)
  region size 1024K, 4 young (4096K), 2 survivors (2048K)
 Metaspace       used 61383K, committed 61888K, reserved 1114112K
  class space    used 8199K, committed 8448K, reserved 1048576K
}
Event: 189.115 GC heap after
{Heap after GC invocations=33 (full 0):
 garbage-first heap   total 98304K, used 49275K [0x0000000080000000, 0x0000000100000000)
  region size 1024K, 2 young (2048K), 2 survivors (2048K)
 Metaspace       used 61383K, committed 61888K, reserved 1114112K
  class space    used 8199K, committed 8448K, reserved 1048576K
}
Event: 200.169 GC heap before
{Heap before GC invocations=34 (full 0):
 garbage-first heap   total 98304K, used 52347K [0x0000000080000000, 0x0000000100000000)
  region size 1024K, 6 young (6144K), 2 survivors (2048K)
 Metaspace       used 61393K, committed 61952K, reserved 1114112K
  class space    used 8199K, committed 8448K, reserved 1048576K
}
Event: 200.174 GC heap after
{Heap after GC invocations=35 (full 0):
 garbage-first heap   total 98304K, used 51996K [0x0000000080000000, 0x0000000100000000)
  region size 1024K, 3 young (3072K), 3 survivors (3072K)
 Metaspace       used 61393K, committed 61952K, reserved 1114112K
  class space    used 8199K, committed 8448K, reserved 1048576K
}
Event: 201.205 GC heap before
{Heap before GC invocations=36 (full 0):
 garbage-first heap   total 98304K, used 57116K [0x0000000080000000, 0x0000000100000000)
  region size 1024K, 5 young (5120K), 3 survivors (3072K)
 Metaspace       used 61393K, committed 61952K, reserved 1114112K
  class space    used 8199K, committed 8448K, reserved 1048576K
}
Event: 201.221 GC heap after
{Heap after GC invocations=37 (full 0):
 garbage-first heap   total 98304K, used 58179K [0x0000000080000000, 0x0000000100000000)
  region size 1024K, 2 young (2048K), 2 survivors (2048K)
 Metaspace       used 61393K, committed 61952K, reserved 1114112K
  class space    used 8199K, committed 8448K, reserved 1048576K
}
Event: 210.289 GC heap before
{Heap before GC invocations=38 (full 0):
 garbage-first heap   total 101376K, used 61251K [0x0000000080000000, 0x0000000100000000)
  region size 1024K, 5 young (5120K), 2 survivors (2048K)
 Metaspace       used 61401K, committed 61952K, reserved 1114112K
  class space    used 8200K, committed 8448K, reserved 1048576K
}
Event: 210.309 GC heap after
{Heap after GC invocations=39 (full 0):
 garbage-first heap   total 101376K, used 59327K [0x0000000080000000, 0x0000000100000000)
  region size 1024K, 2 young (2048K), 2 survivors (2048K)
 Metaspace       used 61401K, committed 61952K, reserved 1114112K
  class space    used 8200K, committed 8448K, reserved 1048576K
}
Event: 211.074 GC heap before
{Heap before GC invocations=40 (full 0):
 garbage-first heap   total 104448K, used 70591K [0x0000000080000000, 0x0000000100000000)
  region size 1024K, 13 young (13312K), 2 survivors (2048K)
 Metaspace       used 62261K, committed 62848K, reserved 1114112K
  class space    used 8304K, committed 8576K, reserved 1048576K
}
Event: 211.102 GC heap after
{Heap after GC invocations=41 (full 0):
 garbage-first heap   total 104448K, used 61335K [0x0000000080000000, 0x0000000100000000)
  region size 1024K, 1 young (1024K), 1 survivors (1024K)
 Metaspace       used 62261K, committed 62848K, reserved 1114112K
  class space    used 8304K, committed 8576K, reserved 1048576K
}
Event: 211.338 GC heap before
{Heap before GC invocations=41 (full 0):
 garbage-first heap   total 104448K, used 65431K [0x0000000080000000, 0x0000000100000000)
  region size 1024K, 5 young (5120K), 1 survivors (1024K)
 Metaspace       used 62568K, committed 63104K, reserved 1114112K
  class space    used 8352K, committed 8640K, reserved 1048576K
}
Event: 211.360 GC heap after
{Heap after GC invocations=42 (full 0):
 garbage-first heap   total 104448K, used 62062K [0x0000000080000000, 0x0000000100000000)
  region size 1024K, 1 young (1024K), 1 survivors (1024K)
 Metaspace       used 62568K, committed 63104K, reserved 1114112K
  class space    used 8352K, committed 8640K, reserved 1048576K
}
Event: 212.519 GC heap before
{Heap before GC invocations=42 (full 0):
 garbage-first heap   total 104448K, used 74350K [0x0000000080000000, 0x0000000100000000)
  region size 1024K, 14 young (14336K), 1 survivors (1024K)
 Metaspace       used 63780K, committed 64320K, reserved 1114112K
  class space    used 8532K, committed 8768K, reserved 1048576K
}
Event: 212.523 GC heap after
{Heap after GC invocations=43 (full 0):
 garbage-first heap   total 104448K, used 62501K [0x0000000080000000, 0x0000000100000000)
  region size 1024K, 1 young (1024K), 1 survivors (1024K)
 Metaspace       used 63780K, committed 64320K, reserved 1114112K
  class space    used 8532K, committed 8768K, reserved 1048576K
}
Event: 212.966 GC heap before
{Heap before GC invocations=44 (full 0):
 garbage-first heap   total 109568K, used 75813K [0x0000000080000000, 0x0000000100000000)
  region size 1024K, 15 young (15360K), 1 survivors (1024K)
 Metaspace       used 65155K, committed 65664K, reserved 1114112K
  class space    used 8720K, committed 8960K, reserved 1048576K
}
Event: 212.968 GC heap after
{Heap after GC invocations=45 (full 0):
 garbage-first heap   total 109568K, used 62961K [0x0000000080000000, 0x0000000100000000)
  region size 1024K, 2 young (2048K), 2 survivors (2048K)
 Metaspace       used 65155K, committed 65664K, reserved 1114112K
  class space    used 8720K, committed 8960K, reserved 1048576K
}
Event: 213.041 GC heap before
{Heap before GC invocations=45 (full 0):
 garbage-first heap   total 109568K, used 65009K [0x0000000080000000, 0x0000000100000000)
  region size 1024K, 5 young (5120K), 2 survivors (2048K)
 Metaspace       used 65377K, committed 65920K, reserved 1114112K
  class space    used 8752K, committed 9024K, reserved 1048576K
}
Event: 213.064 GC heap after
{Heap after GC invocations=46 (full 0):
 garbage-first heap   total 109568K, used 62956K [0x0000000080000000, 0x0000000100000000)
  region size 1024K, 1 young (1024K), 1 survivors (1024K)
 Metaspace       used 65377K, committed 65920K, reserved 1114112K
  class space    used 8752K, committed 9024K, reserved 1048576K
}
Event: 214.288 GC heap before
{Heap before GC invocations=46 (full 0):
 garbage-first heap   total 109568K, used 80364K [0x0000000080000000, 0x0000000100000000)
  region size 1024K, 19 young (19456K), 1 survivors (1024K)
 Metaspace       used 67649K, committed 68224K, reserved 1114112K
  class space    used 8999K, committed 9280K, reserved 1048576K
}

